2025-04-17T13:15:03.994+05:30  INFO 1368 --- [FlowofEnglish_Backend] [restartedMain] c.F.FlowofEnglishBackendApplication      : Starting FlowofEnglishBackendApplication using Java 17.0.11 with PID 1368 (C:\Users\Admin\Downloads\FlowofEnglish\FlowofEnglish_Backend\target\classes started by Admin in C:\Users\Admin\Downloads\FlowofEnglish\FlowofEnglish_Backend)
2025-04-17T13:15:04.027+05:30 DEBUG 1368 --- [FlowofEnglish_Backend] [restartedMain] c.F.FlowofEnglishBackendApplication      : Running with Spring Boot v3.3.3, Spring v6.1.12
2025-04-17T13:15:04.031+05:30  INFO 1368 --- [FlowofEnglish_Backend] [restartedMain] c.F.FlowofEnglishBackendApplication      : No active profile set, falling back to 1 default profile: "default"
2025-04-17T13:15:04.278+05:30  INFO 1368 --- [FlowofEnglish_Backend] [restartedMain] .e.DevToolsPropertyDefaultsPostProcessor : Devtools property defaults active! Set 'spring.devtools.add-properties' to 'false' to disable
2025-04-17T13:15:04.284+05:30  INFO 1368 --- [FlowofEnglish_Backend] [restartedMain] .e.DevToolsPropertyDefaultsPostProcessor : For additional web related logging consider setting the 'logging.level.web' property to 'DEBUG'
2025-04-17T13:15:14.948+05:30  INFO 1368 --- [FlowofEnglish_Backend] [restartedMain] .s.d.r.c.RepositoryConfigurationDelegate : Bootstrapping Spring Data JPA repositories in DEFAULT mode.
2025-04-17T13:15:15.746+05:30  INFO 1368 --- [FlowofEnglish_Backend] [restartedMain] .s.d.r.c.RepositoryConfigurationDelegate : Finished Spring Data repository scanning in 734 ms. Found 20 JPA repository interfaces.
2025-04-17T13:15:17.893+05:30  WARN 1368 --- [FlowofEnglish_Backend] [restartedMain] trationDelegate$BeanPostProcessorChecker : Bean 'org.springframework.ws.config.annotation.DelegatingWsConfiguration' of type [org.springframework.ws.config.annotation.DelegatingWsConfiguration$$SpringCGLIB$$0] is not eligible for getting processed by all BeanPostProcessors (for example: not eligible for auto-proxying). The currently created BeanPostProcessor [annotationActionEndpointMapping] is declared through a non-static factory method on that class; consider declaring it as static instead.
2025-04-17T13:15:18.215+05:30  INFO 1368 --- [FlowofEnglish_Backend] [restartedMain] .w.s.a.s.AnnotationActionEndpointMapping : Supporting [WS-Addressing August 2004, WS-Addressing 1.0]
2025-04-17T13:15:20.501+05:30  INFO 1368 --- [FlowofEnglish_Backend] [restartedMain] o.s.b.w.embedded.tomcat.TomcatWebServer  : Tomcat initialized with port 8080 (http)
2025-04-17T13:15:20.570+05:30  INFO 1368 --- [FlowofEnglish_Backend] [restartedMain] o.apache.catalina.core.StandardService   : Starting service [Tomcat]
2025-04-17T13:15:20.572+05:30  INFO 1368 --- [FlowofEnglish_Backend] [restartedMain] o.apache.catalina.core.StandardEngine    : Starting Servlet engine: [Apache Tomcat/10.1.28]
2025-04-17T13:15:20.858+05:30  INFO 1368 --- [FlowofEnglish_Backend] [restartedMain] o.a.c.c.C.[Tomcat].[localhost].[/]       : Initializing Spring embedded WebApplicationContext
2025-04-17T13:15:20.859+05:30  INFO 1368 --- [FlowofEnglish_Backend] [restartedMain] w.s.c.ServletWebServerApplicationContext : Root WebApplicationContext: initialization completed in 16574 ms
2025-04-17T13:15:21.777+05:30  INFO 1368 --- [FlowofEnglish_Backend] [restartedMain] o.hibernate.jpa.internal.util.LogHelper  : HHH000204: Processing PersistenceUnitInfo [name: default]
2025-04-17T13:15:22.566+05:30  INFO 1368 --- [FlowofEnglish_Backend] [restartedMain] org.hibernate.Version                    : HHH000412: Hibernate ORM core version 6.5.2.Final
2025-04-17T13:15:22.968+05:30  INFO 1368 --- [FlowofEnglish_Backend] [restartedMain] o.h.c.internal.RegionFactoryInitiator    : HHH000026: Second-level cache disabled
2025-04-17T13:15:25.598+05:30  INFO 1368 --- [FlowofEnglish_Backend] [restartedMain] o.s.o.j.p.SpringPersistenceUnitInfo      : No LoadTimeWeaver setup: ignoring JPA class transformer
2025-04-17T13:15:25.849+05:30  INFO 1368 --- [FlowofEnglish_Backend] [restartedMain] com.zaxxer.hikari.HikariDataSource       : HikariPool-1 - Starting...
2025-04-17T13:15:27.593+05:30  INFO 1368 --- [FlowofEnglish_Backend] [restartedMain] com.zaxxer.hikari.pool.HikariPool        : HikariPool-1 - Added connection com.mysql.cj.jdbc.ConnectionImpl@1e6659ce
2025-04-17T13:15:27.602+05:30  INFO 1368 --- [FlowofEnglish_Backend] [restartedMain] com.zaxxer.hikari.HikariDataSource       : HikariPool-1 - Start completed.
2025-04-17T13:15:27.993+05:30  WARN 1368 --- [FlowofEnglish_Backend] [restartedMain] org.hibernate.orm.deprecation            : HHH90000025: MySQLDialect does not need to be specified explicitly using 'hibernate.dialect' (remove the property setting and it will be selected by default)
2025-04-17T13:15:34.456+05:30  INFO 1368 --- [FlowofEnglish_Backend] [restartedMain] o.h.e.t.j.p.i.JtaPlatformInitiator       : HHH000489: No JTA platform available (set 'hibernate.transaction.jta.platform' to enable JTA platform integration)
2025-04-17T13:15:36.951+05:30  INFO 1368 --- [FlowofEnglish_Backend] [restartedMain] j.LocalContainerEntityManagerFactoryBean : Initialized JPA EntityManagerFactory for persistence unit 'default'
2025-04-17T13:15:39.135+05:30  INFO 1368 --- [FlowofEnglish_Backend] [restartedMain] o.s.d.j.r.query.QueryEnhancerFactory     : Hibernate is in classpath; If applicable, HQL parser will be used.
2025-04-17T13:15:47.827+05:30  WARN 1368 --- [FlowofEnglish_Backend] [restartedMain] .s.s.UserDetailsServiceAutoConfiguration : 

Using generated security password: 96ce7ae4-71b0-4301-9df0-4f546837d84d

This generated password is for development use only. Your security configuration must be updated before running your application in production.

2025-04-17T13:15:47.904+05:30  INFO 1368 --- [FlowofEnglish_Backend] [restartedMain] r$InitializeUserDetailsManagerConfigurer : Global AuthenticationManager configured with UserDetailsService bean with name inMemoryUserDetailsManager
2025-04-17T13:15:48.349+05:30  INFO 1368 --- [FlowofEnglish_Backend] [restartedMain] o.s.b.a.w.s.WelcomePageHandlerMapping    : Adding welcome page: class path resource [static/index.html]
2025-04-17T13:15:50.468+05:30  INFO 1368 --- [FlowofEnglish_Backend] [restartedMain] o.s.b.d.a.OptionalLiveReloadServer       : LiveReload server is running on port 35729
2025-04-17T13:15:50.643+05:30  INFO 1368 --- [FlowofEnglish_Backend] [restartedMain] o.s.b.w.embedded.tomcat.TomcatWebServer  : Tomcat started on port 8080 (http) with context path '/'
2025-04-17T13:15:50.706+05:30  INFO 1368 --- [FlowofEnglish_Backend] [restartedMain] c.F.FlowofEnglishBackendApplication      : Started FlowofEnglishBackendApplication in 49.325 seconds (process running for 54.171)
2025-04-17T13:17:11.459+05:30  INFO 1368 --- [FlowofEnglish_Backend] [http-nio-8080-exec-2] o.a.c.c.C.[Tomcat].[localhost].[/]       : Initializing Spring DispatcherServlet 'dispatcherServlet'
2025-04-17T13:17:11.462+05:30  INFO 1368 --- [FlowofEnglish_Backend] [http-nio-8080-exec-2] o.s.web.servlet.DispatcherServlet        : Initializing Servlet 'dispatcherServlet'
2025-04-17T13:17:11.480+05:30  INFO 1368 --- [FlowofEnglish_Backend] [http-nio-8080-exec-2] o.s.web.servlet.DispatcherServlet        : Completed initialization in 16 ms
2025-04-17T13:17:11.764+05:30  INFO 1368 --- [FlowofEnglish_Backend] [http-nio-8080-exec-2] c.F.controller.TestEmailController       : Received request to send test Good Friday email to user ID: Harikrishna05
2025-04-17T13:17:45.598+05:30  INFO 1368 --- [FlowofEnglish_Backend] [http-nio-8080-exec-2] c.F.service.GoodFridayGreetingService    : Test Good Friday email sent to: harikrishna055hari@gmial.com
2025-04-17T13:17:45.600+05:30  INFO 1368 --- [FlowofEnglish_Backend] [http-nio-8080-exec-2] c.F.controller.TestEmailController       : Test Good Friday email sent to user: Harikrishna, email: harikrishna055hari@gmial.com at 2025-04-17 13:17:13
2025-04-17T14:34:02.809+05:30  INFO 1368 --- [FlowofEnglish_Backend] [File Watcher] rtingClassPathChangeChangedEventListener : Restarting due to 1 class path change (0 additions, 0 deletions, 1 modification)
2025-04-17T14:34:03.354+05:30  INFO 1368 --- [FlowofEnglish_Backend] [Thread-5] j.LocalContainerEntityManagerFactoryBean : Closing JPA EntityManagerFactory for persistence unit 'default'
2025-04-17T14:34:03.378+05:30  INFO 1368 --- [FlowofEnglish_Backend] [Thread-5] com.zaxxer.hikari.HikariDataSource       : HikariPool-1 - Shutdown initiated...
2025-04-17T14:34:03.396+05:30  INFO 1368 --- [FlowofEnglish_Backend] [Thread-5] com.zaxxer.hikari.HikariDataSource       : HikariPool-1 - Shutdown completed.
2025-04-17T14:34:03.811+05:30  INFO 1368 --- [FlowofEnglish_Backend] [restartedMain] c.F.FlowofEnglishBackendApplication      : Starting FlowofEnglishBackendApplication using Java 17.0.11 with PID 1368 (C:\Users\Admin\Downloads\FlowofEnglish\FlowofEnglish_Backend\target\classes started by Admin in C:\Users\Admin\Downloads\FlowofEnglish\FlowofEnglish_Backend)
2025-04-17T14:34:03.812+05:30 DEBUG 1368 --- [FlowofEnglish_Backend] [restartedMain] c.F.FlowofEnglishBackendApplication      : Running with Spring Boot v3.3.3, Spring v6.1.12
2025-04-17T14:34:03.812+05:30  INFO 1368 --- [FlowofEnglish_Backend] [restartedMain] c.F.FlowofEnglishBackendApplication      : No active profile set, falling back to 1 default profile: "default"
2025-04-17T14:34:07.947+05:30  INFO 1368 --- [FlowofEnglish_Backend] [restartedMain] .s.d.r.c.RepositoryConfigurationDelegate : Bootstrapping Spring Data JPA repositories in DEFAULT mode.
2025-04-17T14:34:08.125+05:30  INFO 1368 --- [FlowofEnglish_Backend] [restartedMain] .s.d.r.c.RepositoryConfigurationDelegate : Finished Spring Data repository scanning in 176 ms. Found 20 JPA repository interfaces.
2025-04-17T14:34:08.542+05:30  WARN 1368 --- [FlowofEnglish_Backend] [restartedMain] trationDelegate$BeanPostProcessorChecker : Bean 'org.springframework.ws.config.annotation.DelegatingWsConfiguration' of type [org.springframework.ws.config.annotation.DelegatingWsConfiguration$$SpringCGLIB$$0] is not eligible for getting processed by all BeanPostProcessors (for example: not eligible for auto-proxying). The currently created BeanPostProcessor [annotationActionEndpointMapping] is declared through a non-static factory method on that class; consider declaring it as static instead.
2025-04-17T14:34:08.572+05:30  INFO 1368 --- [FlowofEnglish_Backend] [restartedMain] .w.s.a.s.AnnotationActionEndpointMapping : Supporting [WS-Addressing August 2004, WS-Addressing 1.0]
2025-04-17T14:34:08.905+05:30  INFO 1368 --- [FlowofEnglish_Backend] [restartedMain] o.s.b.w.embedded.tomcat.TomcatWebServer  : Tomcat initialized with port 8080 (http)
2025-04-17T14:34:08.908+05:30  INFO 1368 --- [FlowofEnglish_Backend] [restartedMain] o.apache.catalina.core.StandardService   : Starting service [Tomcat]
2025-04-17T14:34:08.908+05:30  INFO 1368 --- [FlowofEnglish_Backend] [restartedMain] o.apache.catalina.core.StandardEngine    : Starting Servlet engine: [Apache Tomcat/10.1.28]
2025-04-17T14:34:09.222+05:30  INFO 1368 --- [FlowofEnglish_Backend] [restartedMain] o.a.c.c.C.[Tomcat].[localhost].[/]       : Initializing Spring embedded WebApplicationContext
2025-04-17T14:34:09.223+05:30  INFO 1368 --- [FlowofEnglish_Backend] [restartedMain] w.s.c.ServletWebServerApplicationContext : Root WebApplicationContext: initialization completed in 5398 ms
2025-04-17T14:34:09.407+05:30  INFO 1368 --- [FlowofEnglish_Backend] [restartedMain] o.hibernate.jpa.internal.util.LogHelper  : HHH000204: Processing PersistenceUnitInfo [name: default]
2025-04-17T14:34:09.422+05:30  INFO 1368 --- [FlowofEnglish_Backend] [restartedMain] o.h.c.internal.RegionFactoryInitiator    : HHH000026: Second-level cache disabled
2025-04-17T14:34:09.492+05:30  INFO 1368 --- [FlowofEnglish_Backend] [restartedMain] o.s.o.j.p.SpringPersistenceUnitInfo      : No LoadTimeWeaver setup: ignoring JPA class transformer
2025-04-17T14:34:09.498+05:30  INFO 1368 --- [FlowofEnglish_Backend] [restartedMain] com.zaxxer.hikari.HikariDataSource       : HikariPool-2 - Starting...
2025-04-17T14:34:09.569+05:30  INFO 1368 --- [FlowofEnglish_Backend] [restartedMain] com.zaxxer.hikari.pool.HikariPool        : HikariPool-2 - Added connection com.mysql.cj.jdbc.ConnectionImpl@2b826a83
2025-04-17T14:34:09.571+05:30  INFO 1368 --- [FlowofEnglish_Backend] [restartedMain] com.zaxxer.hikari.HikariDataSource       : HikariPool-2 - Start completed.
2025-04-17T14:34:09.589+05:30  WARN 1368 --- [FlowofEnglish_Backend] [restartedMain] org.hibernate.orm.deprecation            : HHH90000025: MySQLDialect does not need to be specified explicitly using 'hibernate.dialect' (remove the property setting and it will be selected by default)
2025-04-17T14:34:10.429+05:30  INFO 1368 --- [FlowofEnglish_Backend] [restartedMain] o.h.e.t.j.p.i.JtaPlatformInitiator       : HHH000489: No JTA platform available (set 'hibernate.transaction.jta.platform' to enable JTA platform integration)
2025-04-17T14:34:11.629+05:30  INFO 1368 --- [FlowofEnglish_Backend] [restartedMain] j.LocalContainerEntityManagerFactoryBean : Initialized JPA EntityManagerFactory for persistence unit 'default'
2025-04-17T14:34:11.944+05:30  WARN 1368 --- [FlowofEnglish_Backend] [restartedMain] ConfigServletWebServerApplicationContext : Exception encountered during context initialization - cancelling refresh attempt: org.springframework.beans.factory.BeanCreationException: Error creating bean with name 'schedulerConfig' defined in file [C:\Users\Admin\Downloads\FlowofEnglish\FlowofEnglish_Backend\target\classes\com\FlowofEnglish\config\SchedulerConfig.class]: Encountered invalid @Scheduled method 'sendGoodFridayGreetings': Invalid value for DayOfWeek (valid values 1 - 7): 2025 '2025' in cron expression "0 0 9 18 4 2025"
2025-04-17T14:34:11.945+05:30  INFO 1368 --- [FlowofEnglish_Backend] [restartedMain] j.LocalContainerEntityManagerFactoryBean : Closing JPA EntityManagerFactory for persistence unit 'default'
2025-04-17T14:34:11.950+05:30  INFO 1368 --- [FlowofEnglish_Backend] [restartedMain] com.zaxxer.hikari.HikariDataSource       : HikariPool-2 - Shutdown initiated...
2025-04-17T14:34:11.970+05:30  INFO 1368 --- [FlowofEnglish_Backend] [restartedMain] com.zaxxer.hikari.HikariDataSource       : HikariPool-2 - Shutdown completed.
2025-04-17T14:34:11.973+05:30  INFO 1368 --- [FlowofEnglish_Backend] [restartedMain] o.apache.catalina.core.StandardService   : Stopping service [Tomcat]
2025-04-17T14:34:11.999+05:30  INFO 1368 --- [FlowofEnglish_Backend] [restartedMain] .s.b.a.l.ConditionEvaluationReportLogger : 

Error starting ApplicationContext. To display the condition evaluation report re-run your application with 'debug' enabled.
2025-04-17T14:34:12.096+05:30 ERROR 1368 --- [FlowofEnglish_Backend] [restartedMain] o.s.boot.SpringApplication               : Application run failed

org.springframework.beans.factory.BeanCreationException: Error creating bean with name 'schedulerConfig' defined in file [C:\Users\Admin\Downloads\FlowofEnglish\FlowofEnglish_Backend\target\classes\com\FlowofEnglish\config\SchedulerConfig.class]: Encountered invalid @Scheduled method 'sendGoodFridayGreetings': Invalid value for DayOfWeek (valid values 1 - 7): 2025 '2025' in cron expression "0 0 9 18 4 2025"
	at org.springframework.beans.factory.support.AbstractAutowireCapableBeanFactory.doCreateBean(AbstractAutowireCapableBeanFactory.java:607) ~[spring-beans-6.1.12.jar:6.1.12]
	at org.springframework.beans.factory.support.AbstractAutowireCapableBeanFactory.createBean(AbstractAutowireCapableBeanFactory.java:522) ~[spring-beans-6.1.12.jar:6.1.12]
	at org.springframework.beans.factory.support.AbstractBeanFactory.lambda$doGetBean$0(AbstractBeanFactory.java:337) ~[spring-beans-6.1.12.jar:6.1.12]
	at org.springframework.beans.factory.support.DefaultSingletonBeanRegistry.getSingleton(DefaultSingletonBeanRegistry.java:234) ~[spring-beans-6.1.12.jar:6.1.12]
	at org.springframework.beans.factory.support.AbstractBeanFactory.doGetBean(AbstractBeanFactory.java:335) ~[spring-beans-6.1.12.jar:6.1.12]
	at org.springframework.beans.factory.support.AbstractBeanFactory.getBean(AbstractBeanFactory.java:200) ~[spring-beans-6.1.12.jar:6.1.12]
	at org.springframework.beans.factory.support.DefaultListableBeanFactory.preInstantiateSingletons(DefaultListableBeanFactory.java:975) ~[spring-beans-6.1.12.jar:6.1.12]
	at org.springframework.context.support.AbstractApplicationContext.finishBeanFactoryInitialization(AbstractApplicationContext.java:971) ~[spring-context-6.1.12.jar:6.1.12]
	at org.springframework.context.support.AbstractApplicationContext.refresh(AbstractApplicationContext.java:625) ~[spring-context-6.1.12.jar:6.1.12]
	at org.springframework.boot.web.servlet.context.ServletWebServerApplicationContext.refresh(ServletWebServerApplicationContext.java:146) ~[spring-boot-3.3.3.jar:3.3.3]
	at org.springframework.boot.SpringApplication.refresh(SpringApplication.java:754) ~[spring-boot-3.3.3.jar:3.3.3]
	at org.springframework.boot.SpringApplication.refreshContext(SpringApplication.java:456) ~[spring-boot-3.3.3.jar:3.3.3]
	at org.springframework.boot.SpringApplication.run(SpringApplication.java:335) ~[spring-boot-3.3.3.jar:3.3.3]
	at org.springframework.boot.SpringApplication.run(SpringApplication.java:1363) ~[spring-boot-3.3.3.jar:3.3.3]
	at org.springframework.boot.SpringApplication.run(SpringApplication.java:1352) ~[spring-boot-3.3.3.jar:3.3.3]
	at com.FlowofEnglish.FlowofEnglishBackendApplication.main(FlowofEnglishBackendApplication.java:10) ~[classes/:na]
	at java.base/jdk.internal.reflect.NativeMethodAccessorImpl.invoke0(Native Method) ~[na:na]
	at java.base/jdk.internal.reflect.NativeMethodAccessorImpl.invoke(NativeMethodAccessorImpl.java:77) ~[na:na]
	at java.base/jdk.internal.reflect.DelegatingMethodAccessorImpl.invoke(DelegatingMethodAccessorImpl.java:43) ~[na:na]
	at java.base/java.lang.reflect.Method.invoke(Method.java:568) ~[na:na]
	at org.springframework.boot.devtools.restart.RestartLauncher.run(RestartLauncher.java:50) ~[spring-boot-devtools-3.3.3.jar:3.3.3]
Caused by: java.lang.IllegalStateException: Encountered invalid @Scheduled method 'sendGoodFridayGreetings': Invalid value for DayOfWeek (valid values 1 - 7): 2025 '2025' in cron expression "0 0 9 18 4 2025"
	at org.springframework.scheduling.annotation.ScheduledAnnotationBeanPostProcessor.processScheduledTask(ScheduledAnnotationBeanPostProcessor.java:523) ~[spring-context-6.1.12.jar:6.1.12]
	at org.springframework.scheduling.annotation.ScheduledAnnotationBeanPostProcessor.processScheduledSync(ScheduledAnnotationBeanPostProcessor.java:362) ~[spring-context-6.1.12.jar:6.1.12]
	at org.springframework.scheduling.annotation.ScheduledAnnotationBeanPostProcessor.processScheduled(ScheduledAnnotationBeanPostProcessor.java:341) ~[spring-context-6.1.12.jar:6.1.12]
	at org.springframework.scheduling.annotation.ScheduledAnnotationBeanPostProcessor.lambda$postProcessAfterInitialization$1(ScheduledAnnotationBeanPostProcessor.java:306) ~[spring-context-6.1.12.jar:6.1.12]
	at java.base/java.lang.Iterable.forEach(Iterable.java:75) ~[na:na]
	at org.springframework.scheduling.annotation.ScheduledAnnotationBeanPostProcessor.lambda$postProcessAfterInitialization$2(ScheduledAnnotationBeanPostProcessor.java:306) ~[spring-context-6.1.12.jar:6.1.12]
	at java.base/java.util.LinkedHashMap.forEach(LinkedHashMap.java:721) ~[na:na]
	at org.springframework.scheduling.annotation.ScheduledAnnotationBeanPostProcessor.postProcessAfterInitialization(ScheduledAnnotationBeanPostProcessor.java:305) ~[spring-context-6.1.12.jar:6.1.12]
	at org.springframework.beans.factory.support.AbstractAutowireCapableBeanFactory.applyBeanPostProcessorsAfterInitialization(AbstractAutowireCapableBeanFactory.java:438) ~[spring-beans-6.1.12.jar:6.1.12]
	at org.springframework.beans.factory.support.AbstractAutowireCapableBeanFactory.initializeBean(AbstractAutowireCapableBeanFactory.java:1809) ~[spring-beans-6.1.12.jar:6.1.12]
	at org.springframework.beans.factory.support.AbstractAutowireCapableBeanFactory.doCreateBean(AbstractAutowireCapableBeanFactory.java:600) ~[spring-beans-6.1.12.jar:6.1.12]
	... 20 common frames omitted

